# configure exec: ./configure --prefix=/home/paladox/eventgate-deploy/node_modules/node-rdkafka/build/deps --libdir=/home/paladox/eventgate-deploy/node_modules/node-rdkafka/build/deps --prefix=/home/paladox/eventgate-deploy/node_modules/node-rdkafka/build/deps --libdir=/home/paladox/eventgate-deploy/node_modules/node-rdkafka/build/deps
# On Mon Mar 31 05:13:46 PM UTC 2025
DBG 2742312: Setting distro (distro) status to ok (action ignore)
DBG 2742312: ccenv: WITH_CC:  --version failed: mklove/modules/configure.base: line 1824: --version: command not found
DBG 2742312: Setting ccenv (ccenv) status to failed (action cont)
DBG 2742312: Check ccenv (WITH_CC, action cont (originally cont)) failed: command ' --version' failed:
mklove/modules/configure.base: line 1824: --version: command not found
DBG 2742312: Setting gcc (gcc) status to ok (action cont)
DBG 2742312: cxxenv: WITH_CXX:  --version failed: mklove/modules/configure.base: line 1824: --version: command not found
DBG 2742312: Setting cxxenv (cxxenv) status to failed (action cont)
DBG 2742312: Check cxxenv (WITH_CXX, action cont (originally cont)) failed: command ' --version' failed:
mklove/modules/configure.base: line 1824: --version: command not found
DBG 2742312: Setting gxx (gxx) status to ok (action cont)
DBG 2742312: Setting ld (ld) status to ok (action disable)
DBG 2742312: Setting nm (nm) status to ok (action disable)
DBG 2742312: Setting objdump (objdump) status to ok (action disable)
DBG 2742312: Setting strip (strip) status to ok (action disable)
DBG 2742312: libtool: : libtool is not executable: 
DBG 2742312: Setting libtool (libtool) status to failed (action disable)
DBG 2742312: Check libtool (, action disable (originally disable)) failed: libtool is not executable
DBG 2742312: Setting ranlib (ranlib) status to ok (action disable)
DBG 2742312: pkgconfig: WITH_PKGCONFIG: pkg-config --version failed: mklove/modules/configure.base: line 1824: pkg-config: command not found
DBG 2742312: Setting pkgconfig (pkgconfig) status to failed (action cont)
DBG 2742312: Check pkgconfig (WITH_PKGCONFIG, action cont (originally cont)) failed: command 'pkg-config --version' failed:
mklove/modules/configure.base: line 1824: pkg-config: command not found
DBG 2742312: Setting install (install) status to ok (action cont)
DBG 2742312: Setting gnuar (gnuar) status to ok (action disable)
DBG 2742312: Compile check PIC (HAVE_PIC) (sub=0): gcc  -g -O2 -Wall -Werror _mkltmpS6JWb2.c -o _mkltmpS6JWb2.c.o  -L/home/paladox/eventgate-deploy/node_modules/node-rdkafka/build/deps -fPIC 
DBG 2742312: Setting PIC (PIC) status to ok (action disable)
DBG 2742312: Compile check gnulib (WITH_GNULD) (sub=0): gcc  -g -O2 -fPIC -Wall -Werror _mkltmpyfTX0d.c -o _mkltmpyfTX0d.c.o  -L/home/paladox/eventgate-deploy/node_modules/node-rdkafka/build/deps -shared -Wl,-soname,mkltest.0 
DBG 2742312: Setting gnulib (gnulib) status to ok (action cont)
DBG 2742312: Compile check ldsflagvs () (sub=0): gcc  -g -O2 -fPIC -Wall -Werror _mkltmpgxwzyi.c -o _mkltmpgxwzyi.c.o  -L/home/paladox/eventgate-deploy/node_modules/node-rdkafka/build/deps -shared -Wl,--version-script=_mkltmp4KVVIn 
DBG 2742312: Setting ldsflagvs (ldsflagvs) status to ok (action cont)
DBG 2742312: Compile check __atomic_32 (HAVE_ATOMICS_32) (sub=0): gcc  -g -O2 -fPIC -Wall -Werror _mkltmp3rJWvk.c -o _mkltmp3rJWvk.c.o  -L/home/paladox/eventgate-deploy/node_modules/node-rdkafka/build/deps  
DBG 2742312: Setting __atomic_32 (__atomic_32) status to ok (action cont)
DBG 2742312: Compile check __atomic_64 (HAVE_ATOMICS_64) (sub=0): gcc  -g -O2 -fPIC -Wall -Werror _mkltmppu9hta.c -o _mkltmppu9hta.c.o  -L/home/paladox/eventgate-deploy/node_modules/node-rdkafka/build/deps  
DBG 2742312: Setting __atomic_64 (__atomic_64) status to ok (action cont)
DBG 2742312: Compile check socket () (sub=0): gcc  -g -O2 -fPIC -Wall -Wsign-compare -Wfloat-equal -Wpointer-arith -Wcast-align -Wall -Werror _mkltmp6cE1Xu.c -o _mkltmp6cE1Xu.c.o  -L/home/paladox/eventgate-deploy/node_modules/node-rdkafka/build/deps  
DBG 2742312: Setting socket (socket) status to ok (action cont)
DBG 2742312: Setting parseversion (parseversion) status to ok (action cont)
DBG 2742312: librt: Check for static library (libs -lrt, arfile variable STATIC_LIB_librt=, static filenames )
DBG 2742312: Compile check librt () (sub=0): gcc  -g -O2 -fPIC -Wall -Wsign-compare -Wfloat-equal -Wpointer-arith -Wcast-align -Wall -Werror _mkltmphOabEQ.c -o _mkltmphOabEQ.c.o  -L/home/paladox/eventgate-deploy/node_modules/node-rdkafka/build/deps -lrt 
DBG 2742312: Setting librt (librt) status to ok (action cont)
DBG 2742312: librt: from lib_check: LIBS: prepend -lrt
DBG 2742312: libpthread: Check for static library (libs -lpthread, arfile variable STATIC_LIB_libpthread=, static filenames )
DBG 2742312: Compile check libpthread () (sub=0): gcc  -g -O2 -fPIC -Wall -Wsign-compare -Wfloat-equal -Wpointer-arith -Wcast-align -Wall -Werror _mkltmpY8sYiK.c -o _mkltmpY8sYiK.c.o  -L/home/paladox/eventgate-deploy/node_modules/node-rdkafka/build/deps -lpthread -lrt
DBG 2742312: Setting libpthread (libpthread) status to ok (action fail)
DBG 2742312: libpthread: from lib_check: LIBS: prepend -lpthread
DBG 2742312: c11threads: Check for static library (libs -lpthread -lrt, arfile variable STATIC_LIB_c11threads=, static filenames )
DBG 2742312: Compile check c11threads (WITH_C11THREADS) (sub=0): gcc  -g -O2 -fPIC -Wall -Wsign-compare -Wfloat-equal -Wpointer-arith -Wcast-align -Wall -Werror _mkltmpesGgXE.c -o _mkltmpesGgXE.c.o  -L/home/paladox/eventgate-deploy/node_modules/node-rdkafka/build/deps -lpthread -lrt -lpthread -lrt
DBG 2742312: Setting c11threads (c11threads) status to ok (action disable)
DBG 2742312: c11threads: from lib_check: LIBS: prepend -lpthread -lrt
DBG 2742312: libdl: Check for static library (libs -ldl, arfile variable STATIC_LIB_libdl=, static filenames )
DBG 2742312: Compile check libdl (WITH_LIBDL) (sub=0): gcc  -g -O2 -fPIC -Wall -Wsign-compare -Wfloat-equal -Wpointer-arith -Wcast-align -Wall -Werror _mkltmpLjzsgf.c -o _mkltmpLjzsgf.c.o  -L/home/paladox/eventgate-deploy/node_modules/node-rdkafka/build/deps -ldl -lpthread -lrt -lpthread -lrt
DBG 2742312: Setting libdl (libdl) status to ok (action disable)
DBG 2742312: libdl: from lib_check: LIBS: prepend -ldl
DBG 2742312: zlib: Check for static library (libs -lz, arfile variable STATIC_LIB_zlib=, static filenames libz.a)
DBG 2742312: Compile check zlib (WITH_ZLIB) (sub=0): gcc  -g -O2 -fPIC -Wall -Wsign-compare -Wfloat-equal -Wpointer-arith -Wcast-align -Wall -Werror _mkltmpOH98tL.c -o _mkltmpOH98tL.c.o  -L/home/paladox/eventgate-deploy/node_modules/node-rdkafka/build/deps -lz -ldl -lpthread -lrt -lpthread -lrt
DBG 2742312: compile check for zlib (WITH_ZLIB) failed: gcc  -g -O2 -fPIC -Wall -Wsign-compare -Wfloat-equal -Wpointer-arith -Wcast-align -Wall -Werror _mkltmpOH98tL.c -o _mkltmpOH98tL.c.o  -L/home/paladox/eventgate-deploy/node_modules/node-rdkafka/build/deps -lz -ldl -lpthread -lrt -lpthread -lrt: _mkltmpOH98tL.c:3:10: fatal error: zlib.h: No such file or directory
    3 | #include <zlib.h>
      |          ^~~~~~~~
compilation terminated.
DBG 2742312: Setting zlib (zlib) status to failed (action disable)
DBG 2742312: Check zlib (WITH_ZLIB, action disable (originally disable)) failed: compile check failed:
CC: CC
flags: -lz
gcc  -g -O2 -fPIC -Wall -Wsign-compare -Wfloat-equal -Wpointer-arith -Wcast-align -Wall -Werror _mkltmpOH98tL.c -o _mkltmpOH98tL.c.o  -L/home/paladox/eventgate-deploy/node_modules/node-rdkafka/build/deps -lz -ldl -lpthread -lrt -lpthread -lrt:
_mkltmpOH98tL.c:3:10: fatal error: zlib.h: No such file or directory
    3 | #include <zlib.h>
      |          ^~~~~~~~
compilation terminated.
source: 
#include <stddef.h>
#include <zlib.h>

void foo (void) {
     z_stream *p = NULL;
     inflate(p, 0);
}

DBG 2742312: libcrypto: Check for static library (libs -lcrypto, arfile variable STATIC_LIB_libcrypto=, static filenames libcrypto.a)
DBG 2742312: Compile check libcrypto () (sub=0): gcc  -g -O2 -fPIC -Wall -Wsign-compare -Wfloat-equal -Wpointer-arith -Wcast-align -Wall -Werror _mkltmpm4Hkl2.c -o _mkltmpm4Hkl2.c.o  -L/home/paladox/eventgate-deploy/node_modules/node-rdkafka/build/deps -lcrypto -ldl -lpthread -lrt -lpthread -lrt
DBG 2742312: Setting libcrypto (libcrypto) status to ok (action disable)
DBG 2742312: libcrypto: from lib_check: LIBS: prepend -lcrypto
DBG 2742312: libssl: Check for static library (libs -lssl -lcrypto, arfile variable STATIC_LIB_libssl=, static filenames libssl.a)
DBG 2742312: Compile check libssl (WITH_SSL) (sub=0): gcc  -g -O2 -fPIC -Wall -Wsign-compare -Wfloat-equal -Wpointer-arith -Wcast-align -Wall -Werror _mkltmpu4vKWr.c -o _mkltmpu4vKWr.c.o  -L/home/paladox/eventgate-deploy/node_modules/node-rdkafka/build/deps -lssl -lcrypto -lcrypto -ldl -lpthread -lrt -lpthread -lrt
DBG 2742312: Setting libssl (libssl) status to ok (action disable)
DBG 2742312: libssl: from lib_check: LIBS: prepend -lssl -lcrypto
DBG 2742312: Compile check libcrypto () (sub=1): gcc  -g -O2 -fPIC -Wall -Wsign-compare -Wfloat-equal -Wpointer-arith -Wcast-align -Wall -Werror _mkltmpD4RRtW.c -o _mkltmpD4RRtW.c.o  -L/home/paladox/eventgate-deploy/node_modules/node-rdkafka/build/deps -lcrypto -lssl -lcrypto -lcrypto -ldl -lpthread -lrt -lpthread -lrt
DBG 2742312: compile check for libcrypto () failed: gcc  -g -O2 -fPIC -Wall -Wsign-compare -Wfloat-equal -Wpointer-arith -Wcast-align -Wall -Werror _mkltmpD4RRtW.c -o _mkltmpD4RRtW.c.o  -L/home/paladox/eventgate-deploy/node_modules/node-rdkafka/build/deps -lcrypto -lssl -lcrypto -lcrypto -ldl -lpthread -lrt -lpthread -lrt: _mkltmpD4RRtW.c:4:2: error: #error "OpenSSL version >= v3.0.0 needs OPENSSL_SUPPRESS_DEPRECATED"
    4 | #error "OpenSSL version >= v3.0.0 needs OPENSSL_SUPPRESS_DEPRECATED"
      |  ^~~~~
DBG 2742312: libsasl2: Check for static library (libs -lsasl2, arfile variable STATIC_LIB_libsasl2=, static filenames )
DBG 2742312: Compile check libsasl2 (WITH_SASL_CYRUS) (sub=0): gcc  -g -O2 -fPIC -Wall -Wsign-compare -Wfloat-equal -Wpointer-arith -Wcast-align -Wall -Werror _mkltmpzA5pw4.c -o _mkltmpzA5pw4.c.o  -L/home/paladox/eventgate-deploy/node_modules/node-rdkafka/build/deps -lsasl2 -lssl -lcrypto -lcrypto -ldl -lpthread -lrt -lpthread -lrt
DBG 2742312: compile check for libsasl2 (WITH_SASL_CYRUS) failed: gcc  -g -O2 -fPIC -Wall -Wsign-compare -Wfloat-equal -Wpointer-arith -Wcast-align -Wall -Werror _mkltmpzA5pw4.c -o _mkltmpzA5pw4.c.o  -L/home/paladox/eventgate-deploy/node_modules/node-rdkafka/build/deps -lsasl2 -lssl -lcrypto -lcrypto -ldl -lpthread -lrt -lpthread -lrt: _mkltmpzA5pw4.c:3:10: fatal error: sasl/sasl.h: No such file or directory
    3 | #include <sasl/sasl.h>
      |          ^~~~~~~~~~~~~
compilation terminated.
DBG 2742312: Setting libsasl2 (libsasl2) status to failed (action disable)
DBG 2742312: Check libsasl2 (WITH_SASL_CYRUS, action disable (originally disable)) failed: compile check failed:
CC: CC
flags: -lsasl2
gcc  -g -O2 -fPIC -Wall -Wsign-compare -Wfloat-equal -Wpointer-arith -Wcast-align -Wall -Werror _mkltmpzA5pw4.c -o _mkltmpzA5pw4.c.o  -L/home/paladox/eventgate-deploy/node_modules/node-rdkafka/build/deps -lsasl2 -lssl -lcrypto -lcrypto -ldl -lpthread -lrt -lpthread -lrt:
_mkltmpzA5pw4.c:3:10: fatal error: sasl/sasl.h: No such file or directory
    3 | #include <sasl/sasl.h>
      |          ^~~~~~~~~~~~~
compilation terminated.
source: 
#include <stddef.h>
#include <sasl/sasl.h>

DBG 2742312: libsasl: Check for static library (libs -lsasl, arfile variable STATIC_LIB_libsasl=, static filenames )
DBG 2742312: Compile check libsasl (WITH_SASL_CYRUS) (sub=0): gcc  -g -O2 -fPIC -Wall -Wsign-compare -Wfloat-equal -Wpointer-arith -Wcast-align -Wall -Werror _mkltmpmKxKoQ.c -o _mkltmpmKxKoQ.c.o  -L/home/paladox/eventgate-deploy/node_modules/node-rdkafka/build/deps -lsasl -lssl -lcrypto -lcrypto -ldl -lpthread -lrt -lpthread -lrt
DBG 2742312: compile check for libsasl (WITH_SASL_CYRUS) failed: gcc  -g -O2 -fPIC -Wall -Wsign-compare -Wfloat-equal -Wpointer-arith -Wcast-align -Wall -Werror _mkltmpmKxKoQ.c -o _mkltmpmKxKoQ.c.o  -L/home/paladox/eventgate-deploy/node_modules/node-rdkafka/build/deps -lsasl -lssl -lcrypto -lcrypto -ldl -lpthread -lrt -lpthread -lrt: _mkltmpmKxKoQ.c:3:10: fatal error: sasl/sasl.h: No such file or directory
    3 | #include <sasl/sasl.h>
      |          ^~~~~~~~~~~~~
compilation terminated.
DBG 2742312: Setting libsasl (libsasl) status to failed (action disable)
DBG 2742312: Check libsasl (WITH_SASL_CYRUS, action disable (originally disable)) failed: compile check failed:
CC: CC
flags: -lsasl
gcc  -g -O2 -fPIC -Wall -Wsign-compare -Wfloat-equal -Wpointer-arith -Wcast-align -Wall -Werror _mkltmpmKxKoQ.c -o _mkltmpmKxKoQ.c.o  -L/home/paladox/eventgate-deploy/node_modules/node-rdkafka/build/deps -lsasl -lssl -lcrypto -lcrypto -ldl -lpthread -lrt -lpthread -lrt:
_mkltmpmKxKoQ.c:3:10: fatal error: sasl/sasl.h: No such file or directory
    3 | #include <sasl/sasl.h>
      |          ^~~~~~~~~~~~~
compilation terminated.
source: 
#include <stddef.h>
#include <sasl/sasl.h>

DBG 2742312: libzstd: Check for static library (libs -lzstd, arfile variable STATIC_LIB_libzstd=, static filenames libzstd.a)
DBG 2742312: Compile check libzstd (WITH_ZSTD) (sub=0): gcc  -g -O2 -fPIC -Wall -Wsign-compare -Wfloat-equal -Wpointer-arith -Wcast-align -Wall -Werror _mkltmpqDWRhj.c -o _mkltmpqDWRhj.c.o  -L/home/paladox/eventgate-deploy/node_modules/node-rdkafka/build/deps -lzstd -lssl -lcrypto -lcrypto -ldl -lpthread -lrt -lpthread -lrt
DBG 2742312: compile check for libzstd (WITH_ZSTD) failed: gcc  -g -O2 -fPIC -Wall -Wsign-compare -Wfloat-equal -Wpointer-arith -Wcast-align -Wall -Werror _mkltmpqDWRhj.c -o _mkltmpqDWRhj.c.o  -L/home/paladox/eventgate-deploy/node_modules/node-rdkafka/build/deps -lzstd -lssl -lcrypto -lcrypto -ldl -lpthread -lrt -lpthread -lrt: _mkltmpqDWRhj.c:2:10: fatal error: zstd.h: No such file or directory
    2 | #include <zstd.h>
      |          ^~~~~~~~
compilation terminated.
DBG 2742312: Setting libzstd (libzstd) status to failed (action disable)
DBG 2742312: Check libzstd (WITH_ZSTD, action disable (originally disable)) failed: compile check failed:
CC: CC
flags: -lzstd
gcc  -g -O2 -fPIC -Wall -Wsign-compare -Wfloat-equal -Wpointer-arith -Wcast-align -Wall -Werror _mkltmpqDWRhj.c -o _mkltmpqDWRhj.c.o  -L/home/paladox/eventgate-deploy/node_modules/node-rdkafka/build/deps -lzstd -lssl -lcrypto -lcrypto -ldl -lpthread -lrt -lpthread -lrt:
_mkltmpqDWRhj.c:2:10: fatal error: zstd.h: No such file or directory
    2 | #include <zstd.h>
      |          ^~~~~~~~
compilation terminated.
source: 
#include <zstd.h>
#include <zstd_errors.h>

void foo (void) {
     ZSTD_getFrameContentSize(NULL, 0);
}

DBG 2742312: libcurl: Check for static library (libs -lcurl, arfile variable STATIC_LIB_libcurl=, static filenames libcurl.a)
DBG 2742312: Compile check libcurl (WITH_CURL) (sub=0): gcc  -g -O2 -fPIC -Wall -Wsign-compare -Wfloat-equal -Wpointer-arith -Wcast-align -Wall -Werror _mkltmprTWcMh.c -o _mkltmprTWcMh.c.o  -L/home/paladox/eventgate-deploy/node_modules/node-rdkafka/build/deps -lcurl -lssl -lcrypto -lcrypto -ldl -lpthread -lrt -lpthread -lrt
DBG 2742312: compile check for libcurl (WITH_CURL) failed: gcc  -g -O2 -fPIC -Wall -Wsign-compare -Wfloat-equal -Wpointer-arith -Wcast-align -Wall -Werror _mkltmprTWcMh.c -o _mkltmprTWcMh.c.o  -L/home/paladox/eventgate-deploy/node_modules/node-rdkafka/build/deps -lcurl -lssl -lcrypto -lcrypto -ldl -lpthread -lrt -lpthread -lrt: _mkltmprTWcMh.c:2:10: fatal error: curl/curl.h: No such file or directory
    2 | #include <curl/curl.h>
      |          ^~~~~~~~~~~~~
compilation terminated.
DBG 2742312: Setting libcurl (libcurl) status to failed (action disable)
DBG 2742312: Check libcurl (WITH_CURL, action disable (originally disable)) failed: compile check failed:
CC: CC
flags: -lcurl
gcc  -g -O2 -fPIC -Wall -Wsign-compare -Wfloat-equal -Wpointer-arith -Wcast-align -Wall -Werror _mkltmprTWcMh.c -o _mkltmprTWcMh.c.o  -L/home/paladox/eventgate-deploy/node_modules/node-rdkafka/build/deps -lcurl -lssl -lcrypto -lcrypto -ldl -lpthread -lrt -lpthread -lrt:
_mkltmprTWcMh.c:2:10: fatal error: curl/curl.h: No such file or directory
    2 | #include <curl/curl.h>
      |          ^~~~~~~~~~~~~
compilation terminated.
source: 
#include <curl/curl.h>

void foo (void) {
     curl_global_init(CURL_GLOBAL_DEFAULT);
}

DBG 2742312: libm: Check for static library (libs -lm, arfile variable STATIC_LIB_libm=, static filenames )
DBG 2742312: Compile check libm () (sub=0): gcc  -g -O2 -fPIC -Wall -Wsign-compare -Wfloat-equal -Wpointer-arith -Wcast-align -Wall -Werror _mkltmph8zgLP.c -o _mkltmph8zgLP.c.o  -L/home/paladox/eventgate-deploy/node_modules/node-rdkafka/build/deps -lm -lssl -lcrypto -lcrypto -ldl -lpthread -lrt -lpthread -lrt
DBG 2742312: Setting libm (libm) status to ok (action disable)
DBG 2742312: libm: from lib_check: LIBS: prepend -lm
DBG 2742312: liblz4: Check for static library (libs -llz4, arfile variable STATIC_LIB_liblz4=, static filenames liblz4.a)
DBG 2742312: Compile check liblz4 (WITH_LZ4_EXT) (sub=0): gcc  -g -O2 -fPIC -Wall -Wsign-compare -Wfloat-equal -Wpointer-arith -Wcast-align -Wall -Werror _mkltmpY4NYfj.c -o _mkltmpY4NYfj.c.o  -L/home/paladox/eventgate-deploy/node_modules/node-rdkafka/build/deps -llz4 -lm -lssl -lcrypto -lcrypto -ldl -lpthread -lrt -lpthread -lrt
DBG 2742312: compile check for liblz4 (WITH_LZ4_EXT) failed: gcc  -g -O2 -fPIC -Wall -Wsign-compare -Wfloat-equal -Wpointer-arith -Wcast-align -Wall -Werror _mkltmpY4NYfj.c -o _mkltmpY4NYfj.c.o  -L/home/paladox/eventgate-deploy/node_modules/node-rdkafka/build/deps -llz4 -lm -lssl -lcrypto -lcrypto -ldl -lpthread -lrt -lpthread -lrt: _mkltmpY4NYfj.c:1:10: fatal error: lz4frame.h: No such file or directory
    1 | #include <lz4frame.h>
      |          ^~~~~~~~~~~~
compilation terminated.
DBG 2742312: Setting liblz4 (liblz4) status to failed (action disable)
DBG 2742312: Check liblz4 (WITH_LZ4_EXT, action disable (originally disable)) failed: compile check failed:
CC: CC
flags: -llz4
gcc  -g -O2 -fPIC -Wall -Wsign-compare -Wfloat-equal -Wpointer-arith -Wcast-align -Wall -Werror _mkltmpY4NYfj.c -o _mkltmpY4NYfj.c.o  -L/home/paladox/eventgate-deploy/node_modules/node-rdkafka/build/deps -llz4 -lm -lssl -lcrypto -lcrypto -ldl -lpthread -lrt -lpthread -lrt:
_mkltmpY4NYfj.c:1:10: fatal error: lz4frame.h: No such file or directory
    1 | #include <lz4frame.h>
      |          ^~~~~~~~~~~~
compilation terminated.
source: #include <lz4frame.h>
DBG 2742312: Compile check syslog (WITH_SYSLOG) (sub=0): gcc  -g -O2 -fPIC -Wall -Wsign-compare -Wfloat-equal -Wpointer-arith -Wcast-align -Wall -Werror _mkltmpN9pIjn.c -o _mkltmpN9pIjn.c.o  -L/home/paladox/eventgate-deploy/node_modules/node-rdkafka/build/deps  -lm -lssl -lcrypto -lcrypto -ldl -lpthread -lrt -lpthread -lrt
DBG 2742312: Setting syslog (syslog) status to ok (action disable)
DBG 2742312: Compile check rapidjson (WITH_RAPIDJSON) (sub=0): g++  -g -O2 -fPIC -Wall -Wsign-compare -Wfloat-equal -Wpointer-arith -Wcast-align -Wall -Werror _mkltmpJtfOa8.cpp -o _mkltmpJtfOa8.cpp.o  -L/home/paladox/eventgate-deploy/node_modules/node-rdkafka/build/deps  -lm -lssl -lcrypto -lcrypto -ldl -lpthread -lrt -lpthread -lrt
DBG 2742312: compile check for rapidjson (WITH_RAPIDJSON) failed: g++  -g -O2 -fPIC -Wall -Wsign-compare -Wfloat-equal -Wpointer-arith -Wcast-align -Wall -Werror _mkltmpJtfOa8.cpp -o _mkltmpJtfOa8.cpp.o  -L/home/paladox/eventgate-deploy/node_modules/node-rdkafka/build/deps  -lm -lssl -lcrypto -lcrypto -ldl -lpthread -lrt -lpthread -lrt: _mkltmpJtfOa8.cpp:1:10: fatal error: rapidjson/schema.h: No such file or directory
    1 | #include <rapidjson/schema.h>
      |          ^~~~~~~~~~~~~~~~~~~~
compilation terminated.
DBG 2742312: Setting rapidjson (rapidjson) status to failed (action disable)
DBG 2742312: Check rapidjson (WITH_RAPIDJSON, action disable (originally disable)) failed: compile check failed:
CC: CXX
flags: 
g++  -g -O2 -fPIC -Wall -Wsign-compare -Wfloat-equal -Wpointer-arith -Wcast-align -Wall -Werror _mkltmpJtfOa8.cpp -o _mkltmpJtfOa8.cpp.o  -L/home/paladox/eventgate-deploy/node_modules/node-rdkafka/build/deps  -lm -lssl -lcrypto -lcrypto -ldl -lpthread -lrt -lpthread -lrt:
_mkltmpJtfOa8.cpp:1:10: fatal error: rapidjson/schema.h: No such file or directory
    1 | #include <rapidjson/schema.h>
      |          ^~~~~~~~~~~~~~~~~~~~
compilation terminated.
source: #include <rapidjson/schema.h>
DBG 2742312: Compile check crc32chw (WITH_CRC32C_HW) (sub=0): gcc  -g -O2 -fPIC -Wall -Wsign-compare -Wfloat-equal -Wpointer-arith -Wcast-align -Wall -Werror _mkltmpIgt2Ui.c -o _mkltmpIgt2Ui.c.o  -L/home/paladox/eventgate-deploy/node_modules/node-rdkafka/build/deps  -lm -lssl -lcrypto -lcrypto -ldl -lpthread -lrt -lpthread -lrt
DBG 2742312: Setting crc32chw (crc32chw) status to ok (action disable)
DBG 2742312: Compile check regex (HAVE_REGEX) (sub=0): gcc  -g -O2 -fPIC -Wall -Wsign-compare -Wfloat-equal -Wpointer-arith -Wcast-align -Wall -Werror _mkltmpiu7WfB.c -o _mkltmpiu7WfB.c.o  -L/home/paladox/eventgate-deploy/node_modules/node-rdkafka/build/deps  -lm -lssl -lcrypto -lcrypto -ldl -lpthread -lrt -lpthread -lrt
DBG 2742312: Setting regex (regex) status to ok (action disable)
DBG 2742312: Compile check rand_r (HAVE_RAND_R) (sub=0): gcc  -g -O2 -fPIC -Wall -Wsign-compare -Wfloat-equal -Wpointer-arith -Wcast-align -Wall -Werror _mkltmpUCxRMJ.c -o _mkltmpUCxRMJ.c.o  -L/home/paladox/eventgate-deploy/node_modules/node-rdkafka/build/deps  -lm -lssl -lcrypto -lcrypto -ldl -lpthread -lrt -lpthread -lrt
DBG 2742312: Setting rand_r (rand_r) status to ok (action disable)
DBG 2742312: Compile check strndup (HAVE_STRNDUP) (sub=0): gcc  -g -O2 -fPIC -Wall -Wsign-compare -Wfloat-equal -Wpointer-arith -Wcast-align -Wall -Werror _mkltmpS0z7ya.c -o _mkltmpS0z7ya.c.o  -L/home/paladox/eventgate-deploy/node_modules/node-rdkafka/build/deps  -lm -lssl -lcrypto -lcrypto -ldl -lpthread -lrt -lpthread -lrt
DBG 2742312: Setting strndup (strndup) status to ok (action disable)
DBG 2742312: Compile check strlcpy (HAVE_STRLCPY) (sub=0): gcc  -g -O2 -fPIC -Wall -Wsign-compare -Wfloat-equal -Wpointer-arith -Wcast-align -Wall -Werror _mkltmpo55e8S.c -o _mkltmpo55e8S.c.o  -L/home/paladox/eventgate-deploy/node_modules/node-rdkafka/build/deps  -lm -lssl -lcrypto -lcrypto -ldl -lpthread -lrt -lpthread -lrt
DBG 2742312: compile check for strlcpy (HAVE_STRLCPY) failed: gcc  -g -O2 -fPIC -Wall -Wsign-compare -Wfloat-equal -Wpointer-arith -Wcast-align -Wall -Werror _mkltmpo55e8S.c -o _mkltmpo55e8S.c.o  -L/home/paladox/eventgate-deploy/node_modules/node-rdkafka/build/deps  -lm -lssl -lcrypto -lcrypto -ldl -lpthread -lrt -lpthread -lrt: _mkltmpo55e8S.c: In function ‘foo’:
_mkltmpo55e8S.c:6:11: error: implicit declaration of function ‘strlcpy’; did you mean ‘strncpy’? [-Werror=implicit-function-declaration]
    6 |    return strlcpy(dest, "something", sizeof(dest));
      |           ^~~~~~~
      |           strncpy
cc1: all warnings being treated as errors
DBG 2742312: Setting strlcpy (strlcpy) status to failed (action disable)
DBG 2742312: Check strlcpy (HAVE_STRLCPY, action disable (originally disable)) failed: compile check failed:
CC: CC
flags: 
gcc  -g -O2 -fPIC -Wall -Wsign-compare -Wfloat-equal -Wpointer-arith -Wcast-align -Wall -Werror _mkltmpo55e8S.c -o _mkltmpo55e8S.c.o  -L/home/paladox/eventgate-deploy/node_modules/node-rdkafka/build/deps  -lm -lssl -lcrypto -lcrypto -ldl -lpthread -lrt -lpthread -lrt:
_mkltmpo55e8S.c: In function ‘foo’:
_mkltmpo55e8S.c:6:11: error: implicit declaration of function ‘strlcpy’; did you mean ‘strncpy’? [-Werror=implicit-function-declaration]
    6 |    return strlcpy(dest, "something", sizeof(dest));
      |           ^~~~~~~
      |           strncpy
cc1: all warnings being treated as errors
source: 
#define _DARWIN_C_SOURCE
#include <string.h>
int foo (void) {
    char dest[4];
   return strlcpy(dest, "something", sizeof(dest));
}
DBG 2742312: Compile check strerror_r (HAVE_STRERROR_R) (sub=0): gcc  -g -O2 -fPIC -Wall -Wsign-compare -Wfloat-equal -Wpointer-arith -Wcast-align -Wall -Werror _mkltmppqDzhL.c -o _mkltmppqDzhL.c.o  -L/home/paladox/eventgate-deploy/node_modules/node-rdkafka/build/deps  -lm -lssl -lcrypto -lcrypto -ldl -lpthread -lrt -lpthread -lrt
DBG 2742312: Setting strerror_r (strerror_r) status to ok (action disable)
DBG 2742312: Compile check strcasestr (HAVE_STRCASESTR) (sub=0): gcc  -g -O2 -fPIC -Wall -Wsign-compare -Wfloat-equal -Wpointer-arith -Wcast-align -Wall -Werror _mkltmpAvC8Tw.c -o _mkltmpAvC8Tw.c.o  -L/home/paladox/eventgate-deploy/node_modules/node-rdkafka/build/deps  -lm -lssl -lcrypto -lcrypto -ldl -lpthread -lrt -lpthread -lrt
DBG 2742312: Setting strcasestr (strcasestr) status to ok (action disable)
DBG 2742312: Compile check pthread_setname_gnu (HAVE_PTHREAD_SETNAME_GNU) (sub=0): gcc  -g -O2 -fPIC -Wall -Wsign-compare -Wfloat-equal -Wpointer-arith -Wcast-align -Wall -Werror _mkltmpxa3NzJ.c -o _mkltmpxa3NzJ.c.o  -L/home/paladox/eventgate-deploy/node_modules/node-rdkafka/build/deps -D_GNU_SOURCE -lpthread -lm -lssl -lcrypto -lcrypto -ldl -lpthread -lrt -lpthread -lrt
DBG 2742312: Setting pthread_setname_gnu (pthread_setname_gnu) status to ok (action disable)
DBG 2742312: Setting nm (nm) status to ok (action cont)
DBG 2742312: Setting python3 (python3) status to ok (action disable)
DBG 2742312: Compile check getrusage (HAVE_GETRUSAGE) (sub=0): gcc  -g -O2 -fPIC -Wall -Wsign-compare -Wfloat-equal -Wpointer-arith -Wcast-align -Wall -Werror _mkltmpclbFzx.c -o _mkltmpclbFzx.c.o  -L/home/paladox/eventgate-deploy/node_modules/node-rdkafka/build/deps  -lm -lssl -lcrypto -lcrypto -ldl -lpthread -lrt -lpthread -lrt
DBG 2742312: Setting getrusage (getrusage) status to ok (action disable)
